Using pre-set license
Built from '2020.3/staging' branch; Version is '2020.3.37f1 (8c66806a0c04) revision 9201280'; Using compiler version '192528614'; Build Type 'Release'
OS: 'Windows 10  (10.0.17134) 64bit Professional' Language: 'es' Physical Memory: 16272 MB
BatchMode: 1, IsHumanControllingUs: 0, StartBugReporterOnCrash: 0, Is64bit: 1, IsPro: 0

COMMAND LINE ARGUMENTS:
C:\Program Files\Unity\Hub\Editor\2020.3.37f1\Editor\Unity.exe
-adb2
-batchMode
-noUpm
-name
AssetImportWorker0
-projectPath
C:/Users/Universidad/OneDrive - Universidad de Oviedo/Escritorio/GoogleVR2022
-logFile
Logs/AssetImportWorker0.log
-srvPort
56456
Successfully changed project path to: C:/Users/Universidad/OneDrive - Universidad de Oviedo/Escritorio/GoogleVR2022
C:/Users/Universidad/OneDrive - Universidad de Oviedo/Escritorio/GoogleVR2022
Using Asset Import Pipeline V2.
Refreshing native plugins compatible for Editor in 107.34 ms, found 7 plugins.
Preloading 0 native plugins for Editor in 0.00 ms.
Initialize engine version: 2020.3.37f1 (8c66806a0c04)
[Subsystems] Discovering subsystems at path C:/Program Files/Unity/Hub/Editor/2020.3.37f1/Editor/Data/Resources/UnitySubsystems
[Subsystems] Discovering subsystems at path C:/Users/Universidad/OneDrive - Universidad de Oviedo/Escritorio/GoogleVR2022/Assets
GfxDevice: creating device client; threaded=0
Direct3D:
    Version:  Direct3D 11.0 [level 11.1]
    Renderer: Intel(R) HD Graphics 630 (ID=0x5912)
    Vendor:   
    VRAM:     8136 MB
    Driver:   25.20.100.6323
Initialize mono
Mono path[0] = 'C:/Program Files/Unity/Hub/Editor/2020.3.37f1/Editor/Data/Managed'
Mono path[1] = 'C:/Program Files/Unity/Hub/Editor/2020.3.37f1/Editor/Data/MonoBleedingEdge/lib/mono/unityjit'
Mono config path = 'C:/Program Files/Unity/Hub/Editor/2020.3.37f1/Editor/Data/MonoBleedingEdge/etc'
Using monoOptions --debugger-agent=transport=dt_socket,embedding=1,server=y,suspend=n,address=127.0.0.1:56444
Begin MonoManager ReloadAssembly
Registering precompiled unity dll's ...
Register platform support module: C:/Program Files/Unity/Hub/Editor/2020.3.37f1/Editor/Data/PlaybackEngines/WebGLSupport/UnityEditor.WebGL.Extensions.dll
Register platform support module: C:/Program Files/Unity/Hub/Editor/2020.3.37f1/Editor/Data/PlaybackEngines/WindowsStandaloneSupport/UnityEditor.WindowsStandalone.Extensions.dll
Registered in 0.004467 seconds.
Native extension for WindowsStandalone target not found
Native extension for WebGL target not found
Refreshing native plugins compatible for Editor in 49.00 ms, found 7 plugins.
Preloading 0 native plugins for Editor in 0.00 ms.
Mono: successfully reloaded assembly
- Completed reload, in  1.167 seconds
Domain Reload Profiling:
	ReloadAssembly (1169ms)
		BeginReloadAssembly (80ms)
			ExecutionOrderSort (0ms)
			DisableScriptedObjects (0ms)
			BackupInstance (0ms)
			ReleaseScriptingObjects (0ms)
			CreateAndSetChildDomain (1ms)
		EndReloadAssembly (852ms)
			LoadAssemblies (79ms)
			RebuildTransferFunctionScriptingTraits (0ms)
			SetupTypeCache (298ms)
			ReleaseScriptCaches (0ms)
			RebuildScriptCaches (47ms)
			SetupLoadedEditorAssemblies (296ms)
				LogAssemblyErrors (0ms)
				InitializePlatformSupportModulesInManaged (8ms)
				SetLoadedEditorAssemblies (0ms)
				RefreshPlugins (49ms)
				BeforeProcessingInitializeOnLoad (16ms)
				ProcessInitializeOnLoadAttributes (153ms)
				ProcessInitializeOnLoadMethodAttributes (70ms)
				AfterProcessingInitializeOnLoad (0ms)
				EditorAssembliesLoaded (0ms)
			ExecutionOrderSort2 (0ms)
			AwakeInstancesAfterBackupRestoration (0ms)
Platform modules already initialized, skipping
Registering precompiled user dll's ...
Registered in 0.017553 seconds.
Begin MonoManager ReloadAssembly
Native extension for WindowsStandalone target not found
Native extension for WebGL target not found
Refreshing native plugins compatible for Editor in 0.55 ms, found 7 plugins.
Preloading 0 native plugins for Editor in 0.00 ms.
Mono: successfully reloaded assembly
- Completed reload, in  1.290 seconds
Domain Reload Profiling:
	ReloadAssembly (1292ms)
		BeginReloadAssembly (182ms)
			ExecutionOrderSort (0ms)
			DisableScriptedObjects (5ms)
			BackupInstance (0ms)
			ReleaseScriptingObjects (0ms)
			CreateAndSetChildDomain (21ms)
		EndReloadAssembly (1037ms)
			LoadAssemblies (121ms)
			RebuildTransferFunctionScriptingTraits (0ms)
			SetupTypeCache (358ms)
			ReleaseScriptCaches (0ms)
			RebuildScriptCaches (56ms)
			SetupLoadedEditorAssemblies (398ms)
				LogAssemblyErrors (0ms)
				InitializePlatformSupportModulesInManaged (6ms)
				SetLoadedEditorAssemblies (1ms)
				RefreshPlugins (1ms)
				BeforeProcessingInitializeOnLoad (118ms)
				ProcessInitializeOnLoadAttributes (247ms)
				ProcessInitializeOnLoadMethodAttributes (18ms)
				AfterProcessingInitializeOnLoad (8ms)
				EditorAssembliesLoaded (0ms)
			ExecutionOrderSort2 (0ms)
			AwakeInstancesAfterBackupRestoration (2ms)
Platform modules already initialized, skipping
========================================================================
Worker process is ready to serve import requests
Launched and connected shader compiler UnityShaderCompiler.exe after 0.09 seconds
Refreshing native plugins compatible for Editor in 0.51 ms, found 7 plugins.
Preloading 0 native plugins for Editor in 0.00 ms.
Unloading 1724 Unused Serialized files (Serialized files now loaded: 0)
System memory in use before: 78.4 MB.
System memory in use after: 78.4 MB.

Unloading 34 unused Assets to reduce memory usage. Loaded Objects now: 2146.
Total: 3.636566 ms (FindLiveObjects: 0.240299 ms CreateObjectMapping: 0.072363 ms MarkObjects: 3.211265 ms  DeleteObjects: 0.111275 ms)

AssetImportParameters requested are different than current active one (requested -> active):
  custom:framework-win-MediaFoundation: 216162199b28c13a410421893ffa2e32 -> 
  custom:video-decoder-ogg-theora: a1e56fd34408186e4bbccfd4996cb3dc -> 
  custom:container-muxer-webm: aa71ff27fc2769a1b78a27578f13a17b -> 
  custom:container-demuxer-webm: 4f35f7cbe854078d1ac9338744f61a02 -> 
  custom:container-demuxer-ogg: 62fdf1f143b41e24485cea50d1cbac27 -> 
  custom:video-encoder-webm-vp8: eb34c28f22e8b96e1ab97ce403110664 -> 
  custom:video-codec-MediaFoundation-h265: 746d11721c4dcdbdad8f713fa42b33f4 -> 
  custom:video-decoder-webm-vp8: 9c59270c3fd7afecdb556c50c9e8de78 -> 
  custom:audio-decoder-ogg-vorbis: bf7c407c2cedff20999df2af8eb42d56 -> 
  custom:audio-encoder-webm-vorbis: bf7c407c2cedff20999df2af8eb42d56 -> 
========================================================================
Received Import Request.
  path: Assets/Resources/Images/cube.jpg
  artifactKey: Guid(21c9c2b9ca8b346408c03d15c79d2d61) Importer(815301076,1909f56bfc062723c751e8b465ee728b)
Start importing Assets/Resources/Images/cube.jpg using Guid(21c9c2b9ca8b346408c03d15c79d2d61) Importer(815301076,1909f56bfc062723c751e8b465ee728b)  -> (artifact id: '12b9306b99c50b85655ac3a26a7d58c8') in 0.084731 seconds 
========================================================================
Received Import Request.
  Time since last request: 2.995716 seconds.
  path: Assets/GoogleVR/Beta/Textures/Controller6DoF.png
  artifactKey: Guid(9b5d1610ce929b24c944336a19e52d3a) Importer(815301076,1909f56bfc062723c751e8b465ee728b)
Start importing Assets/GoogleVR/Beta/Textures/Controller6DoF.png using Guid(9b5d1610ce929b24c944336a19e52d3a) Importer(815301076,1909f56bfc062723c751e8b465ee728b)  -> (artifact id: 'e7afb5fda69e65afedc2cf6f52518324') in 0.326315 seconds 
========================================================================
Received Import Request.
  Time since last request: 0.000131 seconds.
  path: Assets/GoogleVR/Textures/cursor_grab.png
  artifactKey: Guid(72867935ab9d7264ba8abb14b1f860b2) Importer(815301076,1909f56bfc062723c751e8b465ee728b)
Start importing Assets/GoogleVR/Textures/cursor_grab.png using Guid(72867935ab9d7264ba8abb14b1f860b2) Importer(815301076,1909f56bfc062723c751e8b465ee728b)  -> (artifact id: '1c4be67b3dc72a97ba2683adb004199d') in 0.053423 seconds 
========================================================================
Received Import Request.
  Time since last request: 0.000545 seconds.
  path: Assets/GoogleVR/Textures/cursor_move.png
  artifactKey: Guid(8e2b5a46da88df34988d7b068cf93af6) Importer(815301076,1909f56bfc062723c751e8b465ee728b)
Start importing Assets/GoogleVR/Textures/cursor_move.png using Guid(8e2b5a46da88df34988d7b068cf93af6) Importer(815301076,1909f56bfc062723c751e8b465ee728b)  -> (artifact id: '7e649c941cd5d2949d235a55ea105a76') in 0.057381 seconds 
========================================================================
Received Import Request.
  Time since last request: 0.000418 seconds.
  path: Assets/GoogleVR/Textures/cursor_text.png
  artifactKey: Guid(6da5cd89204da99468e34a61cc7ad99d) Importer(815301076,1909f56bfc062723c751e8b465ee728b)
Start importing Assets/GoogleVR/Textures/cursor_text.png using Guid(6da5cd89204da99468e34a61cc7ad99d) Importer(815301076,1909f56bfc062723c751e8b465ee728b)  -> (artifact id: '2f6424a70cdf2411ff26e6f521899b49') in 0.057541 seconds 
========================================================================
Received Import Request.
  Time since last request: 0.000938 seconds.
  path: Assets/GoogleVR/Textures/cursor_pointer.png
  artifactKey: Guid(9be55a1c895d42a48a59cd0f2fedcb49) Importer(815301076,1909f56bfc062723c751e8b465ee728b)
Start importing Assets/GoogleVR/Textures/cursor_pointer.png using Guid(9be55a1c895d42a48a59cd0f2fedcb49) Importer(815301076,1909f56bfc062723c751e8b465ee728b)  -> (artifact id: 'a1bfad31ee6866db1895d854a2584e32') in 0.045222 seconds 
========================================================================
Received Import Request.
  Time since last request: 0.000466 seconds.
  path: Assets/GoogleVR/Textures/ControllerTooltips.png
  artifactKey: Guid(2ec36c18ef93e4d92ab61c818b298aac) Importer(815301076,1909f56bfc062723c751e8b465ee728b)
Start importing Assets/GoogleVR/Textures/ControllerTooltips.png using Guid(2ec36c18ef93e4d92ab61c818b298aac) Importer(815301076,1909f56bfc062723c751e8b465ee728b)  -> (artifact id: '37940fb5aff2c9adca1aaff07c1585d2') in 0.063003 seconds 
========================================================================
Received Import Request.
  Time since last request: 0.000536 seconds.
  path: Assets/GoogleVR/Textures/cursor_url.png
  artifactKey: Guid(226cfc1dcfd9df449a7c4e33729e0922) Importer(815301076,1909f56bfc062723c751e8b465ee728b)
Start importing Assets/GoogleVR/Textures/cursor_url.png using Guid(226cfc1dcfd9df449a7c4e33729e0922) Importer(815301076,1909f56bfc062723c751e8b465ee728b)  -> (artifact id: '6f0afd64168eef0db0655a713d8e7f44') in 0.039951 seconds 
========================================================================
Received Import Request.
  Time since last request: 7.814987 seconds.
  path: Assets/Resources
  artifactKey: Guid(a2716815796663e4da78cff9be371ca6) Importer(815301076,1909f56bfc062723c751e8b465ee728b)
Start importing Assets/Resources using Guid(a2716815796663e4da78cff9be371ca6) Importer(815301076,1909f56bfc062723c751e8b465ee728b)  -> (artifact id: 'c925c923c5d5959a7e7e0aef9796a9c8') in 0.008466 seconds 
========================================================================
Received Import Request.
  Time since last request: 1.018336 seconds.
  path: Assets/Resources/Images
  artifactKey: Guid(5855031ce60f8864bafb0cafd66ad9fa) Importer(815301076,1909f56bfc062723c751e8b465ee728b)
Start importing Assets/Resources/Images using Guid(5855031ce60f8864bafb0cafd66ad9fa) Importer(815301076,1909f56bfc062723c751e8b465ee728b)  -> (artifact id: '3707c59f3830cb31b02fe9f100ff745a') in 0.009240 seconds 
========================================================================
Received Import Request.
  Time since last request: 147.435970 seconds.
  path: Assets/Resources/Images/cardboard.png
  artifactKey: Guid(81408052f5da3dc42965746adb3a4019) Importer(815301076,1909f56bfc062723c751e8b465ee728b)
Start importing Assets/Resources/Images/cardboard.png using Guid(81408052f5da3dc42965746adb3a4019) Importer(815301076,1909f56bfc062723c751e8b465ee728b)  -> (artifact id: '782260985863b13fc2694acb59618d78') in 0.015216 seconds 
========================================================================
Received Prepare
Refreshing native plugins compatible for Editor in 43.69 ms, found 7 plugins.
Preloading 0 native plugins for Editor in 0.00 ms.
Unloading 26 Unused Serialized files (Serialized files now loaded: 0)
System memory in use before: 43.2 MB.
System memory in use after: 43.3 MB.

Unloading 26 unused Assets to reduce memory usage. Loaded Objects now: 2149.
Total: 13.185709 ms (FindLiveObjects: 0.373077 ms CreateObjectMapping: 0.211627 ms MarkObjects: 12.354562 ms  DeleteObjects: 0.245419 ms)

AssetImportParameters requested are different than current active one (requested -> active):
  custom:framework-win-MediaFoundation: 216162199b28c13a410421893ffa2e32 -> 
  custom:video-decoder-ogg-theora: a1e56fd34408186e4bbccfd4996cb3dc -> 
  custom:container-muxer-webm: aa71ff27fc2769a1b78a27578f13a17b -> 
  custom:container-demuxer-webm: 4f35f7cbe854078d1ac9338744f61a02 -> 
  custom:container-demuxer-ogg: 62fdf1f143b41e24485cea50d1cbac27 -> 
  custom:video-encoder-webm-vp8: eb34c28f22e8b96e1ab97ce403110664 -> 
  custom:video-codec-MediaFoundation-h265: 746d11721c4dcdbdad8f713fa42b33f4 -> 
  custom:video-decoder-webm-vp8: 9c59270c3fd7afecdb556c50c9e8de78 -> 
  custom:audio-decoder-ogg-vorbis: bf7c407c2cedff20999df2af8eb42d56 -> 
  custom:audio-encoder-webm-vorbis: bf7c407c2cedff20999df2af8eb42d56 -> 
AssetImportWorkerClient::OnTransportError - code=2 error=End of file
